Using pre-set license
Built from '2020.2/staging' branch; Version is '2020.2.3f1 (8ff31bc5bf5b) revision 9433883'; Using compiler version '192528614'; Build Type 'Release'
OS: 'Windows 10 Pro; OS build 19042.985; Version 2009; 64bit' Language: 'en' Physical Memory: 65467 MB
BatchMode: 1, IsHumanControllingUs: 0, StartBugReporterOnCrash: 0, Is64bit: 1, IsPro: 0

 COMMAND LINE ARGUMENTS:
C:\Program Files\Unity\Hub\Editor\2020.2.3f1\Editor\Unity.exe
-adb2
-batchMode
-noUpm
-name
AssetImportWorker0
-projectPath
C:/devel/pelihaaste2021/DadOfWar
-logFile
Logs/AssetImportWorker0.log
-srvPort
63776
Successfully changed project path to: C:/devel/pelihaaste2021/DadOfWar
C:/devel/pelihaaste2021/DadOfWar
Using Asset Import Pipeline V2.
Refreshing native plugins compatible for Editor in 51.67 ms, found 1 plugins.
Preloading 0 native plugins for Editor in 0.00 ms.
Initialize engine version: 2020.2.3f1 (8ff31bc5bf5b)
[Subsystems] Discovering subsystems at path C:/Program Files/Unity/Hub/Editor/2020.2.3f1/Editor/Data/Resources/UnitySubsystems
[Subsystems] Discovering subsystems at path C:/devel/pelihaaste2021/DadOfWar/Assets
GfxDevice: creating device client; threaded=0
Direct3D:
    Version:  Direct3D 11.0 [level 11.1]
    Renderer: NVIDIA GeForce RTX 2080 (ID=0x1e82)
    Vendor:   
    VRAM:     8010 MB
    Driver:   27.21.14.6089
Shader 'Universal Render Pipeline/Particles/Lit': fallback shader 'Universal Render Pipeline/Particles/SimpleLit' not found
Initialize mono
Mono path[0] = 'C:/Program Files/Unity/Hub/Editor/2020.2.3f1/Editor/Data/Managed'
Mono path[1] = 'C:/Program Files/Unity/Hub/Editor/2020.2.3f1/Editor/Data/MonoBleedingEdge/lib/mono/unityjit'
Mono config path = 'C:/Program Files/Unity/Hub/Editor/2020.2.3f1/Editor/Data/MonoBleedingEdge/etc'
Using monoOptions --debugger-agent=transport=dt_socket,embedding=1,server=y,suspend=n,address=127.0.0.1:56144
Begin MonoManager ReloadAssembly
Registering precompiled unity dll's ...
Register platform support module: C:/Program Files/Unity/Hub/Editor/2020.2.3f1/Editor/Data/PlaybackEngines/WebGLSupport/UnityEditor.WebGL.Extensions.dll
Register platform support module: C:/Program Files/Unity/Hub/Editor/2020.2.3f1/Editor/Data/PlaybackEngines/WindowsStandaloneSupport/UnityEditor.WindowsStandalone.Extensions.dll
Registered in 0.002664 seconds.
Native extension for WindowsStandalone target not found
Native extension for WebGL target not found
Refreshing native plugins compatible for Editor in 50.30 ms, found 1 plugins.
Preloading 0 native plugins for Editor in 0.00 ms.
Invoked RoslynAnalysisRunner static constructor.
RoslynAnalysisRunner will not be running.
RoslynAnalysisRunner has terminated.
Mono: successfully reloaded assembly
- Completed reload, in  1.260 seconds
Platform modules already initialized, skipping
Registering precompiled user dll's ...
Registered in 0.001871 seconds.
Begin MonoManager ReloadAssembly
Native extension for WindowsStandalone target not found
Native extension for WebGL target not found
Refreshing native plugins compatible for Editor in 53.25 ms, found 1 plugins.
Preloading 0 native plugins for Editor in 0.00 ms.
Invoked RoslynAnalysisRunner static constructor.
RoslynAnalysisRunner will not be running.
RoslynAnalysisRunner has terminated.
Mono: successfully reloaded assembly
- Completed reload, in  0.972 seconds
Platform modules already initialized, skipping
========================================================================
Worker process is ready to serve import requests
Shader 'Universal Render Pipeline/Particles/Lit': fallback shader 'Universal Render Pipeline/Particles/SimpleLit' not found
Launched and connected shader compiler UnityShaderCompiler.exe after 0.06 seconds
Refreshing native plugins compatible for Editor in 1.17 ms, found 1 plugins.
Preloading 0 native plugins for Editor in 0.00 ms.
Unloading 2943 Unused Serialized files (Serialized files now loaded: 0)
System memory in use before: 219.0 MB.
System memory in use after: 219.1 MB.

Unloading 24 unused Assets to reduce memory usage. Loaded Objects now: 3410.
Total: 3.595100 ms (FindLiveObjects: 0.429600 ms CreateObjectMapping: 0.293500 ms MarkObjects: 2.719000 ms  DeleteObjects: 0.151300 ms)

========================================================================
Received Import Request.
  path: Assets/Scenes/TheWoods.unity
  artifactKey: Guid(2cda990e2423bbf4892e6590ba056729) Importer(815301076,1909f56bfc062723c751e8b465ee728b)
Start importing Assets/Scenes/TheWoods.unity using Guid(2cda990e2423bbf4892e6590ba056729) Importer(815301076,1909f56bfc062723c751e8b465ee728b)  -> (artifact id: 'bb43f8d4dd3eecbbd4c1956f8b16581c') in 0.013267 seconds
  Import took 0.018757 seconds .

========================================================================
Received Import Request.
  Time since last request: 11.589234 seconds.
  path: Assets/Sprites/Map/boat1.png
  artifactKey: Guid(ff3413e8b2474804f8078781cd082b35) Importer(815301076,1909f56bfc062723c751e8b465ee728b)
Start importing Assets/Sprites/Map/boat1.png using Guid(ff3413e8b2474804f8078781cd082b35) Importer(815301076,1909f56bfc062723c751e8b465ee728b)  -> (artifact id: 'ab3b4b5243967ec174176e430562501d') in 0.092706 seconds
  Import took 0.097907 seconds .

========================================================================
Received Import Request.
  Time since last request: 0.000311 seconds.
  path: Assets/Sprites/Map/boat2.png
  artifactKey: Guid(1364022954a318246ab1d97b991dcf3d) Importer(815301076,1909f56bfc062723c751e8b465ee728b)
Start importing Assets/Sprites/Map/boat2.png using Guid(1364022954a318246ab1d97b991dcf3d) Importer(815301076,1909f56bfc062723c751e8b465ee728b)  -> (artifact id: '88a065672f28163a61a6e4d5d6dd10df') in 0.007906 seconds
  Import took 0.012228 seconds .

========================================================================
Received Import Request.
  Time since last request: 0.000258 seconds.
  path: Assets/Sprites/Map/boat4.png
  artifactKey: Guid(4490f251b8ba1824ca61616d5fbbef5f) Importer(815301076,1909f56bfc062723c751e8b465ee728b)
Start importing Assets/Sprites/Map/boat4.png using Guid(4490f251b8ba1824ca61616d5fbbef5f) Importer(815301076,1909f56bfc062723c751e8b465ee728b)  -> (artifact id: '6eeb668aacfcd260c025bed8fb5f61bf') in 0.008862 seconds
  Import took 0.013204 seconds .

========================================================================
Received Import Request.
  Time since last request: 0.000274 seconds.
  path: Assets/Sprites/Map/boat3.png
  artifactKey: Guid(9bf3fc6d8d5d6b94aa6075b19aae5630) Importer(815301076,1909f56bfc062723c751e8b465ee728b)
Start importing Assets/Sprites/Map/boat3.png using Guid(9bf3fc6d8d5d6b94aa6075b19aae5630) Importer(815301076,1909f56bfc062723c751e8b465ee728b)  -> (artifact id: '8d9b4b573b1a2f3a35e8ca1c88edb3ab') in 0.009373 seconds
  Import took 0.013816 seconds .

========================================================================
Received Import Request.
  Time since last request: 7.290691 seconds.
  path: Assets/Sprites/Map/boat1.png
  artifactKey: Guid(ff3413e8b2474804f8078781cd082b35) Importer(815301076,1909f56bfc062723c751e8b465ee728b)
Start importing Assets/Sprites/Map/boat1.png using Guid(ff3413e8b2474804f8078781cd082b35) Importer(815301076,1909f56bfc062723c751e8b465ee728b)  -> (artifact id: '17ce5b6b9aef42de337b29ea4184c54b') in 0.008193 seconds
  Import took 0.012822 seconds .

========================================================================
Received Import Request.
  Time since last request: 0.000274 seconds.
  path: Assets/Sprites/Map/boat2.png
  artifactKey: Guid(1364022954a318246ab1d97b991dcf3d) Importer(815301076,1909f56bfc062723c751e8b465ee728b)
Start importing Assets/Sprites/Map/boat2.png using Guid(1364022954a318246ab1d97b991dcf3d) Importer(815301076,1909f56bfc062723c751e8b465ee728b)  -> (artifact id: 'b8efe8f79c51f50423c524a4b72f7fb5') in 0.007298 seconds
  Import took 0.011710 seconds .

========================================================================
Received Import Request.
  Time since last request: 0.000282 seconds.
  path: Assets/Sprites/Map/boat4.png
  artifactKey: Guid(4490f251b8ba1824ca61616d5fbbef5f) Importer(815301076,1909f56bfc062723c751e8b465ee728b)
Start importing Assets/Sprites/Map/boat4.png using Guid(4490f251b8ba1824ca61616d5fbbef5f) Importer(815301076,1909f56bfc062723c751e8b465ee728b)  -> (artifact id: '7bdf00298ac53b62815d9acfcaf7e723') in 0.007641 seconds
  Import took 0.012149 seconds .

========================================================================
Received Import Request.
  Time since last request: 0.000285 seconds.
  path: Assets/Sprites/Map/boat1.png
  artifactKey: Guid(ff3413e8b2474804f8078781cd082b35) Importer(815301076,1909f56bfc062723c751e8b465ee728b)
Start importing Assets/Sprites/Map/boat1.png using Guid(ff3413e8b2474804f8078781cd082b35) Importer(815301076,1909f56bfc062723c751e8b465ee728b)  -> (artifact id: '17ce5b6b9aef42de337b29ea4184c54b') in 0.007584 seconds
  Import took 0.012476 seconds .

========================================================================
Received Import Request.
  Time since last request: 0.000307 seconds.
  path: Assets/Sprites/Map/boat3.png
  artifactKey: Guid(9bf3fc6d8d5d6b94aa6075b19aae5630) Importer(815301076,1909f56bfc062723c751e8b465ee728b)
Start importing Assets/Sprites/Map/boat3.png using Guid(9bf3fc6d8d5d6b94aa6075b19aae5630) Importer(815301076,1909f56bfc062723c751e8b465ee728b)  -> (artifact id: 'd8baee192f690d7255a29a110420a989') in 0.007659 seconds
  Import took 0.012287 seconds .

========================================================================
Received Prepare
Registering precompiled user dll's ...
Registered in 0.002259 seconds.
Begin MonoManager ReloadAssembly
Native extension for WindowsStandalone target not found
Native extension for WebGL target not found
Refreshing native plugins compatible for Editor in 0.49 ms, found 1 plugins.
Preloading 0 native plugins for Editor in 0.00 ms.
Invoked RoslynAnalysisRunner static constructor.
RoslynAnalysisRunner will not be running.
RoslynAnalysisRunner has terminated.
Mono: successfully reloaded assembly
- Completed reload, in  0.842 seconds
Platform modules already initialized, skipping
Shader 'Universal Render Pipeline/Particles/Lit': fallback shader 'Universal Render Pipeline/Particles/SimpleLit' not found
Refreshing native plugins compatible for Editor in 0.56 ms, found 1 plugins.
Preloading 0 native plugins for Editor in 0.00 ms.
Unloading 2834 Unused Serialized files (Serialized files now loaded: 0)
System memory in use before: 216.2 MB.
System memory in use after: 216.3 MB.

Unloading 13 unused Assets to reduce memory usage. Loaded Objects now: 3419.
Total: 3.665500 ms (FindLiveObjects: 0.555900 ms CreateObjectMapping: 0.206500 ms MarkObjects: 2.769800 ms  DeleteObjects: 0.130800 ms)

========================================================================
Received Prepare
Shader 'Universal Render Pipeline/Particles/Lit': fallback shader 'Universal Render Pipeline/Particles/SimpleLit' not found
Refreshing native plugins compatible for Editor in 2.15 ms, found 1 plugins.
Preloading 0 native plugins for Editor in 0.00 ms.
Unloading 11 Unused Serialized files (Serialized files now loaded: 0)
System memory in use before: 160.5 MB.
System memory in use after: 160.6 MB.

Unloading 11 unused Assets to reduce memory usage. Loaded Objects now: 3419.
Total: 2.533700 ms (FindLiveObjects: 0.463100 ms CreateObjectMapping: 0.153200 ms MarkObjects: 1.791300 ms  DeleteObjects: 0.125000 ms)

AssetImportWorkerClient::OnTransportError - code=2 error=End of file
